Created by PLY version 3.11 (http://www.dabeaz.com/ply)

Grammar

Rule 0     S' -> Document
Rule 1     Document -> Prolog HealthTopics
Rule 2     Prolog -> XmlDeclStartTag XmlDeclAttributes XmlDeclEndTag DocTypeDeclStartTag DocTypeDeclName DocTypeDeclExternalId StartTagClose
Rule 3     XmlDeclAttributes -> VersionKey String EncodingKey String
Rule 4     HealthTopics -> HealthTopicsStartTagOpen HealthTopicsAttributes StartTagClose HealthTopicsContent HealthTopicsEndTag
Rule 5     HealthTopicsContent -> HealthTopicList
Rule 6     HealthTopicsAttributes -> TotalKey Integer DateGeneratedKey Timestamp
Rule 7     HealthTopicList -> HealthTopic HealthTopicList
Rule 8     HealthTopicList -> HealthTopic
Rule 9     HealthTopic -> HealthTopicStartTagOpen HealthTopicAttributes StartTagClose HealthTopicContent HealthTopicEndTag
Rule 10    HealthTopicAttributes -> MetaDescKey String TitleKey String UrlKey Uri IdKey Integer LanguageKey Language DateCreatedKey Date
Rule 11    HealthTopicContent -> AlsoCalledList FullSummary GroupList LanguageMappedTopicOpt MeshHeadingList OtherLanguageList PrimaryInstituteOpt RelatedTopicList SeeReferenceList SiteList
Rule 12    AlsoCalledList -> AlsoCalled AlsoCalledList
Rule 13    AlsoCalledList -> empty
Rule 14    GroupList -> Group GroupList
Rule 15    GroupList -> empty
Rule 16    LanguageMappedTopicOpt -> LanguageMappedTopic
Rule 17    LanguageMappedTopicOpt -> empty
Rule 18    MeshHeadingList -> MeshHeading MeshHeadingList
Rule 19    MeshHeadingList -> empty
Rule 20    OtherLanguageList -> OtherLanguage OtherLanguageList
Rule 21    OtherLanguageList -> empty
Rule 22    PrimaryInstituteOpt -> PrimaryInstitute
Rule 23    PrimaryInstituteOpt -> empty
Rule 24    RelatedTopicList -> RelatedTopic RelatedTopicList
Rule 25    RelatedTopicList -> empty
Rule 26    SeeReferenceList -> SeeReference SeeReferenceList
Rule 27    SeeReferenceList -> empty
Rule 28    SiteList -> Site SiteList
Rule 29    SiteList -> empty
Rule 30    FullSummary -> FullSummaryStartTagOpen StartTagClose Text FullSummaryEndTag
Rule 31    Group -> GroupStartTagOpen GroupAttributes StartTagClose Text GroupEndTag
Rule 32    GroupAttributes -> UrlKey Uri IdKey Integer
Rule 33    LanguageMappedTopic -> LanguageMappedTopicStartTagOpen LanguageMappedTopicAttributes StartTagClose Text LanguageMappedTopicEndTag
Rule 34    LanguageMappedTopicAttributes -> UrlKey Uri IdKey Integer LanguageKey Language
Rule 35    MeshHeading -> MeshHeadingStartTagOpen StartTagClose MeshHeadingContent MeshHeadingEndTag
Rule 36    MeshHeadingContent -> Descriptor QualifierListOpt
Rule 37    QualifierListOpt -> QualifierList
Rule 38    QualifierListOpt -> empty
Rule 39    QualifierList -> Qualifier QualifierList
Rule 40    QualifierList -> empty
Rule 41    OtherLanguage -> OtherLanguageStartTagOpen OtherLanguageAttributes StartTagClose Text OtherLanguageEndTag
Rule 42    OtherLanguageAttributes -> VernacularNameKey String UrlKey Uri
Rule 43    PrimaryInstitute -> PrimaryInstituteStartTagOpen PrimaryInstituteAttributes StartTagClose Text PrimaryInstituteEndTag
Rule 44    PrimaryInstituteAttributes -> UrlKey Uri
Rule 45    RelatedTopic -> RelatedTopicStartTagOpen RelatedTopicAttributes StartTagClose Text RelatedTopicEndTag
Rule 46    RelatedTopicAttributes -> UrlKey Uri IdKey Integer
Rule 47    SeeReference -> SeeReferenceStartTagOpen StartTagClose Text SeeReferenceEndTag
Rule 48    Site -> SiteStartTagOpen SiteAttributes StartTagClose SiteContent SiteEndTag
Rule 49    SiteContent -> InformationCategoryList OrganizationList StandardDescriptionList
Rule 50    InformationCategoryList -> InformationCategory InformationCategoryList
Rule 51    InformationCategoryList -> InformationCategory
Rule 52    OrganizationList -> Organization OrganizationList
Rule 53    OrganizationList -> empty
Rule 54    StandardDescriptionList -> StandardDescription StandardDescriptionList
Rule 55    StandardDescriptionList -> empty
Rule 56    SiteAttributes -> TitleKey String UrlKey Uri LanguageMappedUrlKey Uri
Rule 57    SiteAttributes -> TitleKey String UrlKey Uri
Rule 58    AlsoCalled -> AlsoCalledStartTagOpen StartTagClose Text AlsoCalledEndTag
Rule 59    Descriptor -> DescriptorStartTagOpen DescriptorAttributes StartTagClose Text DescriptorEndTag
Rule 60    DescriptorAttributes -> IdKey String
Rule 61    Qualifier -> QualifierStartTagOpen QualifierAttributes StartTagClose Text QualifierEndTag
Rule 62    QualifierAttributes -> IdKey String
Rule 63    InformationCategory -> InformationCategoryStartTagOpen StartTagClose Text InformationCategoryEndTag
Rule 64    Organization -> OrganizationStartTagOpen StartTagClose Text OrganizationEndTag
Rule 65    StandardDescription -> StandardDescriptionStartTagOpen StartTagClose Text StandardDescriptionEndTag
Rule 66    Text -> Text Line
Rule 67    Text -> Text String
Rule 68    Text -> Line
Rule 69    empty -> <empty>

Terminals, with rules where they appear

AlsoCalledEndTag     : 58
AlsoCalledStartTagOpen : 58
Date                 : 10
DateCreatedKey       : 10
DateGeneratedKey     : 6
DescriptorEndTag     : 59
DescriptorStartTagOpen : 59
DocTypeDeclExternalId : 2
DocTypeDeclName      : 2
DocTypeDeclStartTag  : 2
EncodingKey          : 3
FullSummaryEndTag    : 30
FullSummaryStartTagOpen : 30
GroupEndTag          : 31
GroupStartTagOpen    : 31
HealthTopicEndTag    : 9
HealthTopicStartTagOpen : 9
HealthTopicsEndTag   : 4
HealthTopicsStartTagOpen : 4
IdKey                : 10 32 34 46 60 62
InformationCategoryEndTag : 63
InformationCategoryStartTagOpen : 63
Integer              : 6 10 32 34 46
Language             : 10 34
LanguageKey          : 10 34
LanguageMappedTopicEndTag : 33
LanguageMappedTopicStartTagOpen : 33
LanguageMappedUrlKey : 56
Line                 : 66 68
MeshHeadingEndTag    : 35
MeshHeadingStartTagOpen : 35
MetaDescKey          : 10
OrganizationEndTag   : 64
OrganizationStartTagOpen : 64
OtherLanguageEndTag  : 41
OtherLanguageStartTagOpen : 41
PrimaryInstituteEndTag : 43
PrimaryInstituteStartTagOpen : 43
QualifierEndTag      : 61
QualifierStartTagOpen : 61
RelatedTopicEndTag   : 45
RelatedTopicStartTagOpen : 45
SeeReferenceEndTag   : 47
SeeReferenceStartTagOpen : 47
SiteEndTag           : 48
SiteStartTagOpen     : 48
StandardDescriptionEndTag : 65
StandardDescriptionStartTagOpen : 65
StartTagClose        : 2 4 9 30 31 33 35 41 43 45 47 48 58 59 61 63 64 65
String               : 3 3 10 10 42 56 57 60 62 67
Timestamp            : 6
TitleKey             : 10 56 57
TotalKey             : 6
Uri                  : 10 32 34 42 44 46 56 56 57
UrlKey               : 10 32 34 42 44 46 56 57
VernacularNameKey    : 42
VersionKey           : 3
XmlDeclEndTag        : 2
XmlDeclStartTag      : 2
error                : 

Nonterminals, with rules where they appear

AlsoCalled           : 12
AlsoCalledList       : 11 12
Descriptor           : 36
DescriptorAttributes : 59
Document             : 0
FullSummary          : 11
Group                : 14
GroupAttributes      : 31
GroupList            : 11 14
HealthTopic          : 7 8
HealthTopicAttributes : 9
HealthTopicContent   : 9
HealthTopicList      : 5 7
HealthTopics         : 1
HealthTopicsAttributes : 4
HealthTopicsContent  : 4
InformationCategory  : 50 51
InformationCategoryList : 49 50
LanguageMappedTopic  : 16
LanguageMappedTopicAttributes : 33
LanguageMappedTopicOpt : 11
MeshHeading          : 18
MeshHeadingContent   : 35
MeshHeadingList      : 11 18
Organization         : 52
OrganizationList     : 49 52
OtherLanguage        : 20
OtherLanguageAttributes : 41
OtherLanguageList    : 11 20
PrimaryInstitute     : 22
PrimaryInstituteAttributes : 43
PrimaryInstituteOpt  : 11
Prolog               : 1
Qualifier            : 39
QualifierAttributes  : 61
QualifierList        : 37 39
QualifierListOpt     : 36
RelatedTopic         : 24
RelatedTopicAttributes : 45
RelatedTopicList     : 11 24
SeeReference         : 26
SeeReferenceList     : 11 26
Site                 : 28
SiteAttributes       : 48
SiteContent          : 48
SiteList             : 11 28
StandardDescription  : 54
StandardDescriptionList : 49 54
Text                 : 30 31 33 41 43 45 47 58 59 61 63 64 65 66 67
XmlDeclAttributes    : 2
empty                : 13 15 17 19 21 23 25 27 29 38 40 53 55

Parsing method: LALR

state 0

    (0) S' -> . Document
    (1) Document -> . Prolog HealthTopics
    (2) Prolog -> . XmlDeclStartTag XmlDeclAttributes XmlDeclEndTag DocTypeDeclStartTag DocTypeDeclName DocTypeDeclExternalId StartTagClose

    XmlDeclStartTag shift and go to state 3

    Document                       shift and go to state 1
    Prolog                         shift and go to state 2

state 1

    (0) S' -> Document .



state 2

    (1) Document -> Prolog . HealthTopics
    (4) HealthTopics -> . HealthTopicsStartTagOpen HealthTopicsAttributes StartTagClose HealthTopicsContent HealthTopicsEndTag

    HealthTopicsStartTagOpen shift and go to state 5

    HealthTopics                   shift and go to state 4

state 3

    (2) Prolog -> XmlDeclStartTag . XmlDeclAttributes XmlDeclEndTag DocTypeDeclStartTag DocTypeDeclName DocTypeDeclExternalId StartTagClose
    (3) XmlDeclAttributes -> . VersionKey String EncodingKey String

    VersionKey      shift and go to state 7

    XmlDeclAttributes              shift and go to state 6

state 4

    (1) Document -> Prolog HealthTopics .

    $end            reduce using rule 1 (Document -> Prolog HealthTopics .)


state 5

    (4) HealthTopics -> HealthTopicsStartTagOpen . HealthTopicsAttributes StartTagClose HealthTopicsContent HealthTopicsEndTag
    (6) HealthTopicsAttributes -> . TotalKey Integer DateGeneratedKey Timestamp

    TotalKey        shift and go to state 9

    HealthTopicsAttributes         shift and go to state 8

state 6

    (2) Prolog -> XmlDeclStartTag XmlDeclAttributes . XmlDeclEndTag DocTypeDeclStartTag DocTypeDeclName DocTypeDeclExternalId StartTagClose

    XmlDeclEndTag   shift and go to state 10


state 7

    (3) XmlDeclAttributes -> VersionKey . String EncodingKey String

    String          shift and go to state 11


state 8

    (4) HealthTopics -> HealthTopicsStartTagOpen HealthTopicsAttributes . StartTagClose HealthTopicsContent HealthTopicsEndTag

    StartTagClose   shift and go to state 12


state 9

    (6) HealthTopicsAttributes -> TotalKey . Integer DateGeneratedKey Timestamp

    Integer         shift and go to state 13


state 10

    (2) Prolog -> XmlDeclStartTag XmlDeclAttributes XmlDeclEndTag . DocTypeDeclStartTag DocTypeDeclName DocTypeDeclExternalId StartTagClose

    DocTypeDeclStartTag shift and go to state 14


state 11

    (3) XmlDeclAttributes -> VersionKey String . EncodingKey String

    EncodingKey     shift and go to state 15


state 12

    (4) HealthTopics -> HealthTopicsStartTagOpen HealthTopicsAttributes StartTagClose . HealthTopicsContent HealthTopicsEndTag
    (5) HealthTopicsContent -> . HealthTopicList
    (7) HealthTopicList -> . HealthTopic HealthTopicList
    (8) HealthTopicList -> . HealthTopic
    (9) HealthTopic -> . HealthTopicStartTagOpen HealthTopicAttributes StartTagClose HealthTopicContent HealthTopicEndTag

    HealthTopicStartTagOpen shift and go to state 19

    HealthTopicsContent            shift and go to state 16
    HealthTopicList                shift and go to state 17
    HealthTopic                    shift and go to state 18

state 13

    (6) HealthTopicsAttributes -> TotalKey Integer . DateGeneratedKey Timestamp

    DateGeneratedKey shift and go to state 20


state 14

    (2) Prolog -> XmlDeclStartTag XmlDeclAttributes XmlDeclEndTag DocTypeDeclStartTag . DocTypeDeclName DocTypeDeclExternalId StartTagClose

    DocTypeDeclName shift and go to state 21


state 15

    (3) XmlDeclAttributes -> VersionKey String EncodingKey . String

    String          shift and go to state 22


state 16

    (4) HealthTopics -> HealthTopicsStartTagOpen HealthTopicsAttributes StartTagClose HealthTopicsContent . HealthTopicsEndTag

    HealthTopicsEndTag shift and go to state 23


state 17

    (5) HealthTopicsContent -> HealthTopicList .

    HealthTopicsEndTag reduce using rule 5 (HealthTopicsContent -> HealthTopicList .)


state 18

    (7) HealthTopicList -> HealthTopic . HealthTopicList
    (8) HealthTopicList -> HealthTopic .
    (7) HealthTopicList -> . HealthTopic HealthTopicList
    (8) HealthTopicList -> . HealthTopic
    (9) HealthTopic -> . HealthTopicStartTagOpen HealthTopicAttributes StartTagClose HealthTopicContent HealthTopicEndTag

    HealthTopicsEndTag reduce using rule 8 (HealthTopicList -> HealthTopic .)
    HealthTopicStartTagOpen shift and go to state 19

    HealthTopic                    shift and go to state 18
    HealthTopicList                shift and go to state 24

state 19

    (9) HealthTopic -> HealthTopicStartTagOpen . HealthTopicAttributes StartTagClose HealthTopicContent HealthTopicEndTag
    (10) HealthTopicAttributes -> . MetaDescKey String TitleKey String UrlKey Uri IdKey Integer LanguageKey Language DateCreatedKey Date

    MetaDescKey     shift and go to state 26

    HealthTopicAttributes          shift and go to state 25

state 20

    (6) HealthTopicsAttributes -> TotalKey Integer DateGeneratedKey . Timestamp

    Timestamp       shift and go to state 27


state 21

    (2) Prolog -> XmlDeclStartTag XmlDeclAttributes XmlDeclEndTag DocTypeDeclStartTag DocTypeDeclName . DocTypeDeclExternalId StartTagClose

    DocTypeDeclExternalId shift and go to state 28


state 22

    (3) XmlDeclAttributes -> VersionKey String EncodingKey String .

    XmlDeclEndTag   reduce using rule 3 (XmlDeclAttributes -> VersionKey String EncodingKey String .)


state 23

    (4) HealthTopics -> HealthTopicsStartTagOpen HealthTopicsAttributes StartTagClose HealthTopicsContent HealthTopicsEndTag .

    $end            reduce using rule 4 (HealthTopics -> HealthTopicsStartTagOpen HealthTopicsAttributes StartTagClose HealthTopicsContent HealthTopicsEndTag .)


state 24

    (7) HealthTopicList -> HealthTopic HealthTopicList .

    HealthTopicsEndTag reduce using rule 7 (HealthTopicList -> HealthTopic HealthTopicList .)


state 25

    (9) HealthTopic -> HealthTopicStartTagOpen HealthTopicAttributes . StartTagClose HealthTopicContent HealthTopicEndTag

    StartTagClose   shift and go to state 29


state 26

    (10) HealthTopicAttributes -> MetaDescKey . String TitleKey String UrlKey Uri IdKey Integer LanguageKey Language DateCreatedKey Date

    String          shift and go to state 30


state 27

    (6) HealthTopicsAttributes -> TotalKey Integer DateGeneratedKey Timestamp .

    StartTagClose   reduce using rule 6 (HealthTopicsAttributes -> TotalKey Integer DateGeneratedKey Timestamp .)


state 28

    (2) Prolog -> XmlDeclStartTag XmlDeclAttributes XmlDeclEndTag DocTypeDeclStartTag DocTypeDeclName DocTypeDeclExternalId . StartTagClose

    StartTagClose   shift and go to state 31


state 29

    (9) HealthTopic -> HealthTopicStartTagOpen HealthTopicAttributes StartTagClose . HealthTopicContent HealthTopicEndTag
    (11) HealthTopicContent -> . AlsoCalledList FullSummary GroupList LanguageMappedTopicOpt MeshHeadingList OtherLanguageList PrimaryInstituteOpt RelatedTopicList SeeReferenceList SiteList
    (12) AlsoCalledList -> . AlsoCalled AlsoCalledList
    (13) AlsoCalledList -> . empty
    (58) AlsoCalled -> . AlsoCalledStartTagOpen StartTagClose Text AlsoCalledEndTag
    (69) empty -> .

    AlsoCalledStartTagOpen shift and go to state 36
    FullSummaryStartTagOpen reduce using rule 69 (empty -> .)

    HealthTopicContent             shift and go to state 32
    AlsoCalledList                 shift and go to state 33
    AlsoCalled                     shift and go to state 34
    empty                          shift and go to state 35

state 30

    (10) HealthTopicAttributes -> MetaDescKey String . TitleKey String UrlKey Uri IdKey Integer LanguageKey Language DateCreatedKey Date

    TitleKey        shift and go to state 37


state 31

    (2) Prolog -> XmlDeclStartTag XmlDeclAttributes XmlDeclEndTag DocTypeDeclStartTag DocTypeDeclName DocTypeDeclExternalId StartTagClose .

    HealthTopicsStartTagOpen reduce using rule 2 (Prolog -> XmlDeclStartTag XmlDeclAttributes XmlDeclEndTag DocTypeDeclStartTag DocTypeDeclName DocTypeDeclExternalId StartTagClose .)


state 32

    (9) HealthTopic -> HealthTopicStartTagOpen HealthTopicAttributes StartTagClose HealthTopicContent . HealthTopicEndTag

    HealthTopicEndTag shift and go to state 38


state 33

    (11) HealthTopicContent -> AlsoCalledList . FullSummary GroupList LanguageMappedTopicOpt MeshHeadingList OtherLanguageList PrimaryInstituteOpt RelatedTopicList SeeReferenceList SiteList
    (30) FullSummary -> . FullSummaryStartTagOpen StartTagClose Text FullSummaryEndTag

    FullSummaryStartTagOpen shift and go to state 40

    FullSummary                    shift and go to state 39

state 34

    (12) AlsoCalledList -> AlsoCalled . AlsoCalledList
    (12) AlsoCalledList -> . AlsoCalled AlsoCalledList
    (13) AlsoCalledList -> . empty
    (58) AlsoCalled -> . AlsoCalledStartTagOpen StartTagClose Text AlsoCalledEndTag
    (69) empty -> .

    AlsoCalledStartTagOpen shift and go to state 36
    FullSummaryStartTagOpen reduce using rule 69 (empty -> .)

    AlsoCalled                     shift and go to state 34
    AlsoCalledList                 shift and go to state 41
    empty                          shift and go to state 35

state 35

    (13) AlsoCalledList -> empty .

    FullSummaryStartTagOpen reduce using rule 13 (AlsoCalledList -> empty .)


state 36

    (58) AlsoCalled -> AlsoCalledStartTagOpen . StartTagClose Text AlsoCalledEndTag

    StartTagClose   shift and go to state 42


state 37

    (10) HealthTopicAttributes -> MetaDescKey String TitleKey . String UrlKey Uri IdKey Integer LanguageKey Language DateCreatedKey Date

    String          shift and go to state 43


state 38

    (9) HealthTopic -> HealthTopicStartTagOpen HealthTopicAttributes StartTagClose HealthTopicContent HealthTopicEndTag .

    HealthTopicStartTagOpen reduce using rule 9 (HealthTopic -> HealthTopicStartTagOpen HealthTopicAttributes StartTagClose HealthTopicContent HealthTopicEndTag .)
    HealthTopicsEndTag reduce using rule 9 (HealthTopic -> HealthTopicStartTagOpen HealthTopicAttributes StartTagClose HealthTopicContent HealthTopicEndTag .)


state 39

    (11) HealthTopicContent -> AlsoCalledList FullSummary . GroupList LanguageMappedTopicOpt MeshHeadingList OtherLanguageList PrimaryInstituteOpt RelatedTopicList SeeReferenceList SiteList
    (14) GroupList -> . Group GroupList
    (15) GroupList -> . empty
    (31) Group -> . GroupStartTagOpen GroupAttributes StartTagClose Text GroupEndTag
    (69) empty -> .

    GroupStartTagOpen shift and go to state 47
    LanguageMappedTopicStartTagOpen reduce using rule 69 (empty -> .)
    MeshHeadingStartTagOpen reduce using rule 69 (empty -> .)
    OtherLanguageStartTagOpen reduce using rule 69 (empty -> .)
    PrimaryInstituteStartTagOpen reduce using rule 69 (empty -> .)
    RelatedTopicStartTagOpen reduce using rule 69 (empty -> .)
    SeeReferenceStartTagOpen reduce using rule 69 (empty -> .)
    SiteStartTagOpen reduce using rule 69 (empty -> .)
    HealthTopicEndTag reduce using rule 69 (empty -> .)

    GroupList                      shift and go to state 44
    Group                          shift and go to state 45
    empty                          shift and go to state 46

state 40

    (30) FullSummary -> FullSummaryStartTagOpen . StartTagClose Text FullSummaryEndTag

    StartTagClose   shift and go to state 48


state 41

    (12) AlsoCalledList -> AlsoCalled AlsoCalledList .

    FullSummaryStartTagOpen reduce using rule 12 (AlsoCalledList -> AlsoCalled AlsoCalledList .)


state 42

    (58) AlsoCalled -> AlsoCalledStartTagOpen StartTagClose . Text AlsoCalledEndTag
    (66) Text -> . Text Line
    (67) Text -> . Text String
    (68) Text -> . Line

    Line            shift and go to state 50

    Text                           shift and go to state 49

state 43

    (10) HealthTopicAttributes -> MetaDescKey String TitleKey String . UrlKey Uri IdKey Integer LanguageKey Language DateCreatedKey Date

    UrlKey          shift and go to state 51


state 44

    (11) HealthTopicContent -> AlsoCalledList FullSummary GroupList . LanguageMappedTopicOpt MeshHeadingList OtherLanguageList PrimaryInstituteOpt RelatedTopicList SeeReferenceList SiteList
    (16) LanguageMappedTopicOpt -> . LanguageMappedTopic
    (17) LanguageMappedTopicOpt -> . empty
    (33) LanguageMappedTopic -> . LanguageMappedTopicStartTagOpen LanguageMappedTopicAttributes StartTagClose Text LanguageMappedTopicEndTag
    (69) empty -> .

    LanguageMappedTopicStartTagOpen shift and go to state 55
    MeshHeadingStartTagOpen reduce using rule 69 (empty -> .)
    OtherLanguageStartTagOpen reduce using rule 69 (empty -> .)
    PrimaryInstituteStartTagOpen reduce using rule 69 (empty -> .)
    RelatedTopicStartTagOpen reduce using rule 69 (empty -> .)
    SeeReferenceStartTagOpen reduce using rule 69 (empty -> .)
    SiteStartTagOpen reduce using rule 69 (empty -> .)
    HealthTopicEndTag reduce using rule 69 (empty -> .)

    LanguageMappedTopicOpt         shift and go to state 52
    LanguageMappedTopic            shift and go to state 53
    empty                          shift and go to state 54

state 45

    (14) GroupList -> Group . GroupList
    (14) GroupList -> . Group GroupList
    (15) GroupList -> . empty
    (31) Group -> . GroupStartTagOpen GroupAttributes StartTagClose Text GroupEndTag
    (69) empty -> .

    GroupStartTagOpen shift and go to state 47
    LanguageMappedTopicStartTagOpen reduce using rule 69 (empty -> .)
    MeshHeadingStartTagOpen reduce using rule 69 (empty -> .)
    OtherLanguageStartTagOpen reduce using rule 69 (empty -> .)
    PrimaryInstituteStartTagOpen reduce using rule 69 (empty -> .)
    RelatedTopicStartTagOpen reduce using rule 69 (empty -> .)
    SeeReferenceStartTagOpen reduce using rule 69 (empty -> .)
    SiteStartTagOpen reduce using rule 69 (empty -> .)
    HealthTopicEndTag reduce using rule 69 (empty -> .)

    Group                          shift and go to state 45
    GroupList                      shift and go to state 56
    empty                          shift and go to state 46

state 46

    (15) GroupList -> empty .

    LanguageMappedTopicStartTagOpen reduce using rule 15 (GroupList -> empty .)
    MeshHeadingStartTagOpen reduce using rule 15 (GroupList -> empty .)
    OtherLanguageStartTagOpen reduce using rule 15 (GroupList -> empty .)
    PrimaryInstituteStartTagOpen reduce using rule 15 (GroupList -> empty .)
    RelatedTopicStartTagOpen reduce using rule 15 (GroupList -> empty .)
    SeeReferenceStartTagOpen reduce using rule 15 (GroupList -> empty .)
    SiteStartTagOpen reduce using rule 15 (GroupList -> empty .)
    HealthTopicEndTag reduce using rule 15 (GroupList -> empty .)


state 47

    (31) Group -> GroupStartTagOpen . GroupAttributes StartTagClose Text GroupEndTag
    (32) GroupAttributes -> . UrlKey Uri IdKey Integer

    UrlKey          shift and go to state 58

    GroupAttributes                shift and go to state 57

state 48

    (30) FullSummary -> FullSummaryStartTagOpen StartTagClose . Text FullSummaryEndTag
    (66) Text -> . Text Line
    (67) Text -> . Text String
    (68) Text -> . Line

    Line            shift and go to state 50

    Text                           shift and go to state 59

state 49

    (58) AlsoCalled -> AlsoCalledStartTagOpen StartTagClose Text . AlsoCalledEndTag
    (66) Text -> Text . Line
    (67) Text -> Text . String

    AlsoCalledEndTag shift and go to state 60
    Line            shift and go to state 61
    String          shift and go to state 62


state 50

    (68) Text -> Line .

    AlsoCalledEndTag reduce using rule 68 (Text -> Line .)
    Line            reduce using rule 68 (Text -> Line .)
    String          reduce using rule 68 (Text -> Line .)
    FullSummaryEndTag reduce using rule 68 (Text -> Line .)
    GroupEndTag     reduce using rule 68 (Text -> Line .)
    LanguageMappedTopicEndTag reduce using rule 68 (Text -> Line .)
    OtherLanguageEndTag reduce using rule 68 (Text -> Line .)
    PrimaryInstituteEndTag reduce using rule 68 (Text -> Line .)
    DescriptorEndTag reduce using rule 68 (Text -> Line .)
    SeeReferenceEndTag reduce using rule 68 (Text -> Line .)
    RelatedTopicEndTag reduce using rule 68 (Text -> Line .)
    QualifierEndTag reduce using rule 68 (Text -> Line .)
    InformationCategoryEndTag reduce using rule 68 (Text -> Line .)
    OrganizationEndTag reduce using rule 68 (Text -> Line .)
    StandardDescriptionEndTag reduce using rule 68 (Text -> Line .)


state 51

    (10) HealthTopicAttributes -> MetaDescKey String TitleKey String UrlKey . Uri IdKey Integer LanguageKey Language DateCreatedKey Date

    Uri             shift and go to state 63


state 52

    (11) HealthTopicContent -> AlsoCalledList FullSummary GroupList LanguageMappedTopicOpt . MeshHeadingList OtherLanguageList PrimaryInstituteOpt RelatedTopicList SeeReferenceList SiteList
    (18) MeshHeadingList -> . MeshHeading MeshHeadingList
    (19) MeshHeadingList -> . empty
    (35) MeshHeading -> . MeshHeadingStartTagOpen StartTagClose MeshHeadingContent MeshHeadingEndTag
    (69) empty -> .

    MeshHeadingStartTagOpen shift and go to state 67
    OtherLanguageStartTagOpen reduce using rule 69 (empty -> .)
    PrimaryInstituteStartTagOpen reduce using rule 69 (empty -> .)
    RelatedTopicStartTagOpen reduce using rule 69 (empty -> .)
    SeeReferenceStartTagOpen reduce using rule 69 (empty -> .)
    SiteStartTagOpen reduce using rule 69 (empty -> .)
    HealthTopicEndTag reduce using rule 69 (empty -> .)

    MeshHeadingList                shift and go to state 64
    MeshHeading                    shift and go to state 65
    empty                          shift and go to state 66

state 53

    (16) LanguageMappedTopicOpt -> LanguageMappedTopic .

    MeshHeadingStartTagOpen reduce using rule 16 (LanguageMappedTopicOpt -> LanguageMappedTopic .)
    OtherLanguageStartTagOpen reduce using rule 16 (LanguageMappedTopicOpt -> LanguageMappedTopic .)
    PrimaryInstituteStartTagOpen reduce using rule 16 (LanguageMappedTopicOpt -> LanguageMappedTopic .)
    RelatedTopicStartTagOpen reduce using rule 16 (LanguageMappedTopicOpt -> LanguageMappedTopic .)
    SeeReferenceStartTagOpen reduce using rule 16 (LanguageMappedTopicOpt -> LanguageMappedTopic .)
    SiteStartTagOpen reduce using rule 16 (LanguageMappedTopicOpt -> LanguageMappedTopic .)
    HealthTopicEndTag reduce using rule 16 (LanguageMappedTopicOpt -> LanguageMappedTopic .)


state 54

    (17) LanguageMappedTopicOpt -> empty .

    MeshHeadingStartTagOpen reduce using rule 17 (LanguageMappedTopicOpt -> empty .)
    OtherLanguageStartTagOpen reduce using rule 17 (LanguageMappedTopicOpt -> empty .)
    PrimaryInstituteStartTagOpen reduce using rule 17 (LanguageMappedTopicOpt -> empty .)
    RelatedTopicStartTagOpen reduce using rule 17 (LanguageMappedTopicOpt -> empty .)
    SeeReferenceStartTagOpen reduce using rule 17 (LanguageMappedTopicOpt -> empty .)
    SiteStartTagOpen reduce using rule 17 (LanguageMappedTopicOpt -> empty .)
    HealthTopicEndTag reduce using rule 17 (LanguageMappedTopicOpt -> empty .)


state 55

    (33) LanguageMappedTopic -> LanguageMappedTopicStartTagOpen . LanguageMappedTopicAttributes StartTagClose Text LanguageMappedTopicEndTag
    (34) LanguageMappedTopicAttributes -> . UrlKey Uri IdKey Integer LanguageKey Language

    UrlKey          shift and go to state 69

    LanguageMappedTopicAttributes  shift and go to state 68

state 56

    (14) GroupList -> Group GroupList .

    LanguageMappedTopicStartTagOpen reduce using rule 14 (GroupList -> Group GroupList .)
    MeshHeadingStartTagOpen reduce using rule 14 (GroupList -> Group GroupList .)
    OtherLanguageStartTagOpen reduce using rule 14 (GroupList -> Group GroupList .)
    PrimaryInstituteStartTagOpen reduce using rule 14 (GroupList -> Group GroupList .)
    RelatedTopicStartTagOpen reduce using rule 14 (GroupList -> Group GroupList .)
    SeeReferenceStartTagOpen reduce using rule 14 (GroupList -> Group GroupList .)
    SiteStartTagOpen reduce using rule 14 (GroupList -> Group GroupList .)
    HealthTopicEndTag reduce using rule 14 (GroupList -> Group GroupList .)


state 57

    (31) Group -> GroupStartTagOpen GroupAttributes . StartTagClose Text GroupEndTag

    StartTagClose   shift and go to state 70


state 58

    (32) GroupAttributes -> UrlKey . Uri IdKey Integer

    Uri             shift and go to state 71


state 59

    (30) FullSummary -> FullSummaryStartTagOpen StartTagClose Text . FullSummaryEndTag
    (66) Text -> Text . Line
    (67) Text -> Text . String

    FullSummaryEndTag shift and go to state 72
    Line            shift and go to state 61
    String          shift and go to state 62


state 60

    (58) AlsoCalled -> AlsoCalledStartTagOpen StartTagClose Text AlsoCalledEndTag .

    AlsoCalledStartTagOpen reduce using rule 58 (AlsoCalled -> AlsoCalledStartTagOpen StartTagClose Text AlsoCalledEndTag .)
    FullSummaryStartTagOpen reduce using rule 58 (AlsoCalled -> AlsoCalledStartTagOpen StartTagClose Text AlsoCalledEndTag .)


state 61

    (66) Text -> Text Line .

    AlsoCalledEndTag reduce using rule 66 (Text -> Text Line .)
    Line            reduce using rule 66 (Text -> Text Line .)
    String          reduce using rule 66 (Text -> Text Line .)
    FullSummaryEndTag reduce using rule 66 (Text -> Text Line .)
    GroupEndTag     reduce using rule 66 (Text -> Text Line .)
    LanguageMappedTopicEndTag reduce using rule 66 (Text -> Text Line .)
    OtherLanguageEndTag reduce using rule 66 (Text -> Text Line .)
    PrimaryInstituteEndTag reduce using rule 66 (Text -> Text Line .)
    DescriptorEndTag reduce using rule 66 (Text -> Text Line .)
    SeeReferenceEndTag reduce using rule 66 (Text -> Text Line .)
    RelatedTopicEndTag reduce using rule 66 (Text -> Text Line .)
    QualifierEndTag reduce using rule 66 (Text -> Text Line .)
    InformationCategoryEndTag reduce using rule 66 (Text -> Text Line .)
    OrganizationEndTag reduce using rule 66 (Text -> Text Line .)
    StandardDescriptionEndTag reduce using rule 66 (Text -> Text Line .)


state 62

    (67) Text -> Text String .

    AlsoCalledEndTag reduce using rule 67 (Text -> Text String .)
    Line            reduce using rule 67 (Text -> Text String .)
    String          reduce using rule 67 (Text -> Text String .)
    FullSummaryEndTag reduce using rule 67 (Text -> Text String .)
    GroupEndTag     reduce using rule 67 (Text -> Text String .)
    LanguageMappedTopicEndTag reduce using rule 67 (Text -> Text String .)
    OtherLanguageEndTag reduce using rule 67 (Text -> Text String .)
    PrimaryInstituteEndTag reduce using rule 67 (Text -> Text String .)
    DescriptorEndTag reduce using rule 67 (Text -> Text String .)
    SeeReferenceEndTag reduce using rule 67 (Text -> Text String .)
    RelatedTopicEndTag reduce using rule 67 (Text -> Text String .)
    QualifierEndTag reduce using rule 67 (Text -> Text String .)
    InformationCategoryEndTag reduce using rule 67 (Text -> Text String .)
    OrganizationEndTag reduce using rule 67 (Text -> Text String .)
    StandardDescriptionEndTag reduce using rule 67 (Text -> Text String .)


state 63

    (10) HealthTopicAttributes -> MetaDescKey String TitleKey String UrlKey Uri . IdKey Integer LanguageKey Language DateCreatedKey Date

    IdKey           shift and go to state 73


state 64

    (11) HealthTopicContent -> AlsoCalledList FullSummary GroupList LanguageMappedTopicOpt MeshHeadingList . OtherLanguageList PrimaryInstituteOpt RelatedTopicList SeeReferenceList SiteList
    (20) OtherLanguageList -> . OtherLanguage OtherLanguageList
    (21) OtherLanguageList -> . empty
    (41) OtherLanguage -> . OtherLanguageStartTagOpen OtherLanguageAttributes StartTagClose Text OtherLanguageEndTag
    (69) empty -> .

    OtherLanguageStartTagOpen shift and go to state 77
    PrimaryInstituteStartTagOpen reduce using rule 69 (empty -> .)
    RelatedTopicStartTagOpen reduce using rule 69 (empty -> .)
    SeeReferenceStartTagOpen reduce using rule 69 (empty -> .)
    SiteStartTagOpen reduce using rule 69 (empty -> .)
    HealthTopicEndTag reduce using rule 69 (empty -> .)

    OtherLanguageList              shift and go to state 74
    OtherLanguage                  shift and go to state 75
    empty                          shift and go to state 76

state 65

    (18) MeshHeadingList -> MeshHeading . MeshHeadingList
    (18) MeshHeadingList -> . MeshHeading MeshHeadingList
    (19) MeshHeadingList -> . empty
    (35) MeshHeading -> . MeshHeadingStartTagOpen StartTagClose MeshHeadingContent MeshHeadingEndTag
    (69) empty -> .

    MeshHeadingStartTagOpen shift and go to state 67
    OtherLanguageStartTagOpen reduce using rule 69 (empty -> .)
    PrimaryInstituteStartTagOpen reduce using rule 69 (empty -> .)
    RelatedTopicStartTagOpen reduce using rule 69 (empty -> .)
    SeeReferenceStartTagOpen reduce using rule 69 (empty -> .)
    SiteStartTagOpen reduce using rule 69 (empty -> .)
    HealthTopicEndTag reduce using rule 69 (empty -> .)

    MeshHeading                    shift and go to state 65
    MeshHeadingList                shift and go to state 78
    empty                          shift and go to state 66

state 66

    (19) MeshHeadingList -> empty .

    OtherLanguageStartTagOpen reduce using rule 19 (MeshHeadingList -> empty .)
    PrimaryInstituteStartTagOpen reduce using rule 19 (MeshHeadingList -> empty .)
    RelatedTopicStartTagOpen reduce using rule 19 (MeshHeadingList -> empty .)
    SeeReferenceStartTagOpen reduce using rule 19 (MeshHeadingList -> empty .)
    SiteStartTagOpen reduce using rule 19 (MeshHeadingList -> empty .)
    HealthTopicEndTag reduce using rule 19 (MeshHeadingList -> empty .)


state 67

    (35) MeshHeading -> MeshHeadingStartTagOpen . StartTagClose MeshHeadingContent MeshHeadingEndTag

    StartTagClose   shift and go to state 79


state 68

    (33) LanguageMappedTopic -> LanguageMappedTopicStartTagOpen LanguageMappedTopicAttributes . StartTagClose Text LanguageMappedTopicEndTag

    StartTagClose   shift and go to state 80


state 69

    (34) LanguageMappedTopicAttributes -> UrlKey . Uri IdKey Integer LanguageKey Language

    Uri             shift and go to state 81


state 70

    (31) Group -> GroupStartTagOpen GroupAttributes StartTagClose . Text GroupEndTag
    (66) Text -> . Text Line
    (67) Text -> . Text String
    (68) Text -> . Line

    Line            shift and go to state 50

    Text                           shift and go to state 82

state 71

    (32) GroupAttributes -> UrlKey Uri . IdKey Integer

    IdKey           shift and go to state 83


state 72

    (30) FullSummary -> FullSummaryStartTagOpen StartTagClose Text FullSummaryEndTag .

    GroupStartTagOpen reduce using rule 30 (FullSummary -> FullSummaryStartTagOpen StartTagClose Text FullSummaryEndTag .)
    LanguageMappedTopicStartTagOpen reduce using rule 30 (FullSummary -> FullSummaryStartTagOpen StartTagClose Text FullSummaryEndTag .)
    MeshHeadingStartTagOpen reduce using rule 30 (FullSummary -> FullSummaryStartTagOpen StartTagClose Text FullSummaryEndTag .)
    OtherLanguageStartTagOpen reduce using rule 30 (FullSummary -> FullSummaryStartTagOpen StartTagClose Text FullSummaryEndTag .)
    PrimaryInstituteStartTagOpen reduce using rule 30 (FullSummary -> FullSummaryStartTagOpen StartTagClose Text FullSummaryEndTag .)
    RelatedTopicStartTagOpen reduce using rule 30 (FullSummary -> FullSummaryStartTagOpen StartTagClose Text FullSummaryEndTag .)
    SeeReferenceStartTagOpen reduce using rule 30 (FullSummary -> FullSummaryStartTagOpen StartTagClose Text FullSummaryEndTag .)
    SiteStartTagOpen reduce using rule 30 (FullSummary -> FullSummaryStartTagOpen StartTagClose Text FullSummaryEndTag .)
    HealthTopicEndTag reduce using rule 30 (FullSummary -> FullSummaryStartTagOpen StartTagClose Text FullSummaryEndTag .)


state 73

    (10) HealthTopicAttributes -> MetaDescKey String TitleKey String UrlKey Uri IdKey . Integer LanguageKey Language DateCreatedKey Date

    Integer         shift and go to state 84


state 74

    (11) HealthTopicContent -> AlsoCalledList FullSummary GroupList LanguageMappedTopicOpt MeshHeadingList OtherLanguageList . PrimaryInstituteOpt RelatedTopicList SeeReferenceList SiteList
    (22) PrimaryInstituteOpt -> . PrimaryInstitute
    (23) PrimaryInstituteOpt -> . empty
    (43) PrimaryInstitute -> . PrimaryInstituteStartTagOpen PrimaryInstituteAttributes StartTagClose Text PrimaryInstituteEndTag
    (69) empty -> .

    PrimaryInstituteStartTagOpen shift and go to state 88
    RelatedTopicStartTagOpen reduce using rule 69 (empty -> .)
    SeeReferenceStartTagOpen reduce using rule 69 (empty -> .)
    SiteStartTagOpen reduce using rule 69 (empty -> .)
    HealthTopicEndTag reduce using rule 69 (empty -> .)

    PrimaryInstituteOpt            shift and go to state 85
    PrimaryInstitute               shift and go to state 86
    empty                          shift and go to state 87

state 75

    (20) OtherLanguageList -> OtherLanguage . OtherLanguageList
    (20) OtherLanguageList -> . OtherLanguage OtherLanguageList
    (21) OtherLanguageList -> . empty
    (41) OtherLanguage -> . OtherLanguageStartTagOpen OtherLanguageAttributes StartTagClose Text OtherLanguageEndTag
    (69) empty -> .

    OtherLanguageStartTagOpen shift and go to state 77
    PrimaryInstituteStartTagOpen reduce using rule 69 (empty -> .)
    RelatedTopicStartTagOpen reduce using rule 69 (empty -> .)
    SeeReferenceStartTagOpen reduce using rule 69 (empty -> .)
    SiteStartTagOpen reduce using rule 69 (empty -> .)
    HealthTopicEndTag reduce using rule 69 (empty -> .)

    OtherLanguage                  shift and go to state 75
    OtherLanguageList              shift and go to state 89
    empty                          shift and go to state 76

state 76

    (21) OtherLanguageList -> empty .

    PrimaryInstituteStartTagOpen reduce using rule 21 (OtherLanguageList -> empty .)
    RelatedTopicStartTagOpen reduce using rule 21 (OtherLanguageList -> empty .)
    SeeReferenceStartTagOpen reduce using rule 21 (OtherLanguageList -> empty .)
    SiteStartTagOpen reduce using rule 21 (OtherLanguageList -> empty .)
    HealthTopicEndTag reduce using rule 21 (OtherLanguageList -> empty .)


state 77

    (41) OtherLanguage -> OtherLanguageStartTagOpen . OtherLanguageAttributes StartTagClose Text OtherLanguageEndTag
    (42) OtherLanguageAttributes -> . VernacularNameKey String UrlKey Uri

    VernacularNameKey shift and go to state 91

    OtherLanguageAttributes        shift and go to state 90

state 78

    (18) MeshHeadingList -> MeshHeading MeshHeadingList .

    OtherLanguageStartTagOpen reduce using rule 18 (MeshHeadingList -> MeshHeading MeshHeadingList .)
    PrimaryInstituteStartTagOpen reduce using rule 18 (MeshHeadingList -> MeshHeading MeshHeadingList .)
    RelatedTopicStartTagOpen reduce using rule 18 (MeshHeadingList -> MeshHeading MeshHeadingList .)
    SeeReferenceStartTagOpen reduce using rule 18 (MeshHeadingList -> MeshHeading MeshHeadingList .)
    SiteStartTagOpen reduce using rule 18 (MeshHeadingList -> MeshHeading MeshHeadingList .)
    HealthTopicEndTag reduce using rule 18 (MeshHeadingList -> MeshHeading MeshHeadingList .)


state 79

    (35) MeshHeading -> MeshHeadingStartTagOpen StartTagClose . MeshHeadingContent MeshHeadingEndTag
    (36) MeshHeadingContent -> . Descriptor QualifierListOpt
    (59) Descriptor -> . DescriptorStartTagOpen DescriptorAttributes StartTagClose Text DescriptorEndTag

    DescriptorStartTagOpen shift and go to state 94

    MeshHeadingContent             shift and go to state 92
    Descriptor                     shift and go to state 93

state 80

    (33) LanguageMappedTopic -> LanguageMappedTopicStartTagOpen LanguageMappedTopicAttributes StartTagClose . Text LanguageMappedTopicEndTag
    (66) Text -> . Text Line
    (67) Text -> . Text String
    (68) Text -> . Line

    Line            shift and go to state 50

    Text                           shift and go to state 95

state 81

    (34) LanguageMappedTopicAttributes -> UrlKey Uri . IdKey Integer LanguageKey Language

    IdKey           shift and go to state 96


state 82

    (31) Group -> GroupStartTagOpen GroupAttributes StartTagClose Text . GroupEndTag
    (66) Text -> Text . Line
    (67) Text -> Text . String

    GroupEndTag     shift and go to state 97
    Line            shift and go to state 61
    String          shift and go to state 62


state 83

    (32) GroupAttributes -> UrlKey Uri IdKey . Integer

    Integer         shift and go to state 98


state 84

    (10) HealthTopicAttributes -> MetaDescKey String TitleKey String UrlKey Uri IdKey Integer . LanguageKey Language DateCreatedKey Date

    LanguageKey     shift and go to state 99


state 85

    (11) HealthTopicContent -> AlsoCalledList FullSummary GroupList LanguageMappedTopicOpt MeshHeadingList OtherLanguageList PrimaryInstituteOpt . RelatedTopicList SeeReferenceList SiteList
    (24) RelatedTopicList -> . RelatedTopic RelatedTopicList
    (25) RelatedTopicList -> . empty
    (45) RelatedTopic -> . RelatedTopicStartTagOpen RelatedTopicAttributes StartTagClose Text RelatedTopicEndTag
    (69) empty -> .

    RelatedTopicStartTagOpen shift and go to state 103
    SeeReferenceStartTagOpen reduce using rule 69 (empty -> .)
    SiteStartTagOpen reduce using rule 69 (empty -> .)
    HealthTopicEndTag reduce using rule 69 (empty -> .)

    RelatedTopicList               shift and go to state 100
    RelatedTopic                   shift and go to state 101
    empty                          shift and go to state 102

state 86

    (22) PrimaryInstituteOpt -> PrimaryInstitute .

    RelatedTopicStartTagOpen reduce using rule 22 (PrimaryInstituteOpt -> PrimaryInstitute .)
    SeeReferenceStartTagOpen reduce using rule 22 (PrimaryInstituteOpt -> PrimaryInstitute .)
    SiteStartTagOpen reduce using rule 22 (PrimaryInstituteOpt -> PrimaryInstitute .)
    HealthTopicEndTag reduce using rule 22 (PrimaryInstituteOpt -> PrimaryInstitute .)


state 87

    (23) PrimaryInstituteOpt -> empty .

    RelatedTopicStartTagOpen reduce using rule 23 (PrimaryInstituteOpt -> empty .)
    SeeReferenceStartTagOpen reduce using rule 23 (PrimaryInstituteOpt -> empty .)
    SiteStartTagOpen reduce using rule 23 (PrimaryInstituteOpt -> empty .)
    HealthTopicEndTag reduce using rule 23 (PrimaryInstituteOpt -> empty .)


state 88

    (43) PrimaryInstitute -> PrimaryInstituteStartTagOpen . PrimaryInstituteAttributes StartTagClose Text PrimaryInstituteEndTag
    (44) PrimaryInstituteAttributes -> . UrlKey Uri

    UrlKey          shift and go to state 105

    PrimaryInstituteAttributes     shift and go to state 104

state 89

    (20) OtherLanguageList -> OtherLanguage OtherLanguageList .

    PrimaryInstituteStartTagOpen reduce using rule 20 (OtherLanguageList -> OtherLanguage OtherLanguageList .)
    RelatedTopicStartTagOpen reduce using rule 20 (OtherLanguageList -> OtherLanguage OtherLanguageList .)
    SeeReferenceStartTagOpen reduce using rule 20 (OtherLanguageList -> OtherLanguage OtherLanguageList .)
    SiteStartTagOpen reduce using rule 20 (OtherLanguageList -> OtherLanguage OtherLanguageList .)
    HealthTopicEndTag reduce using rule 20 (OtherLanguageList -> OtherLanguage OtherLanguageList .)


state 90

    (41) OtherLanguage -> OtherLanguageStartTagOpen OtherLanguageAttributes . StartTagClose Text OtherLanguageEndTag

    StartTagClose   shift and go to state 106


state 91

    (42) OtherLanguageAttributes -> VernacularNameKey . String UrlKey Uri

    String          shift and go to state 107


state 92

    (35) MeshHeading -> MeshHeadingStartTagOpen StartTagClose MeshHeadingContent . MeshHeadingEndTag

    MeshHeadingEndTag shift and go to state 108


state 93

    (36) MeshHeadingContent -> Descriptor . QualifierListOpt
    (37) QualifierListOpt -> . QualifierList
    (38) QualifierListOpt -> . empty
    (39) QualifierList -> . Qualifier QualifierList
    (40) QualifierList -> . empty
    (69) empty -> .
    (61) Qualifier -> . QualifierStartTagOpen QualifierAttributes StartTagClose Text QualifierEndTag

    MeshHeadingEndTag reduce using rule 69 (empty -> .)
    QualifierStartTagOpen shift and go to state 113

    QualifierListOpt               shift and go to state 109
    QualifierList                  shift and go to state 110
    empty                          shift and go to state 111
    Qualifier                      shift and go to state 112

state 94

    (59) Descriptor -> DescriptorStartTagOpen . DescriptorAttributes StartTagClose Text DescriptorEndTag
    (60) DescriptorAttributes -> . IdKey String

    IdKey           shift and go to state 115

    DescriptorAttributes           shift and go to state 114

state 95

    (33) LanguageMappedTopic -> LanguageMappedTopicStartTagOpen LanguageMappedTopicAttributes StartTagClose Text . LanguageMappedTopicEndTag
    (66) Text -> Text . Line
    (67) Text -> Text . String

    LanguageMappedTopicEndTag shift and go to state 116
    Line            shift and go to state 61
    String          shift and go to state 62


state 96

    (34) LanguageMappedTopicAttributes -> UrlKey Uri IdKey . Integer LanguageKey Language

    Integer         shift and go to state 117


state 97

    (31) Group -> GroupStartTagOpen GroupAttributes StartTagClose Text GroupEndTag .

    GroupStartTagOpen reduce using rule 31 (Group -> GroupStartTagOpen GroupAttributes StartTagClose Text GroupEndTag .)
    LanguageMappedTopicStartTagOpen reduce using rule 31 (Group -> GroupStartTagOpen GroupAttributes StartTagClose Text GroupEndTag .)
    MeshHeadingStartTagOpen reduce using rule 31 (Group -> GroupStartTagOpen GroupAttributes StartTagClose Text GroupEndTag .)
    OtherLanguageStartTagOpen reduce using rule 31 (Group -> GroupStartTagOpen GroupAttributes StartTagClose Text GroupEndTag .)
    PrimaryInstituteStartTagOpen reduce using rule 31 (Group -> GroupStartTagOpen GroupAttributes StartTagClose Text GroupEndTag .)
    RelatedTopicStartTagOpen reduce using rule 31 (Group -> GroupStartTagOpen GroupAttributes StartTagClose Text GroupEndTag .)
    SeeReferenceStartTagOpen reduce using rule 31 (Group -> GroupStartTagOpen GroupAttributes StartTagClose Text GroupEndTag .)
    SiteStartTagOpen reduce using rule 31 (Group -> GroupStartTagOpen GroupAttributes StartTagClose Text GroupEndTag .)
    HealthTopicEndTag reduce using rule 31 (Group -> GroupStartTagOpen GroupAttributes StartTagClose Text GroupEndTag .)


state 98

    (32) GroupAttributes -> UrlKey Uri IdKey Integer .

    StartTagClose   reduce using rule 32 (GroupAttributes -> UrlKey Uri IdKey Integer .)


state 99

    (10) HealthTopicAttributes -> MetaDescKey String TitleKey String UrlKey Uri IdKey Integer LanguageKey . Language DateCreatedKey Date

    Language        shift and go to state 118


state 100

    (11) HealthTopicContent -> AlsoCalledList FullSummary GroupList LanguageMappedTopicOpt MeshHeadingList OtherLanguageList PrimaryInstituteOpt RelatedTopicList . SeeReferenceList SiteList
    (26) SeeReferenceList -> . SeeReference SeeReferenceList
    (27) SeeReferenceList -> . empty
    (47) SeeReference -> . SeeReferenceStartTagOpen StartTagClose Text SeeReferenceEndTag
    (69) empty -> .

    SeeReferenceStartTagOpen shift and go to state 122
    SiteStartTagOpen reduce using rule 69 (empty -> .)
    HealthTopicEndTag reduce using rule 69 (empty -> .)

    SeeReferenceList               shift and go to state 119
    SeeReference                   shift and go to state 120
    empty                          shift and go to state 121

state 101

    (24) RelatedTopicList -> RelatedTopic . RelatedTopicList
    (24) RelatedTopicList -> . RelatedTopic RelatedTopicList
    (25) RelatedTopicList -> . empty
    (45) RelatedTopic -> . RelatedTopicStartTagOpen RelatedTopicAttributes StartTagClose Text RelatedTopicEndTag
    (69) empty -> .

    RelatedTopicStartTagOpen shift and go to state 103
    SeeReferenceStartTagOpen reduce using rule 69 (empty -> .)
    SiteStartTagOpen reduce using rule 69 (empty -> .)
    HealthTopicEndTag reduce using rule 69 (empty -> .)

    RelatedTopic                   shift and go to state 101
    RelatedTopicList               shift and go to state 123
    empty                          shift and go to state 102

state 102

    (25) RelatedTopicList -> empty .

    SeeReferenceStartTagOpen reduce using rule 25 (RelatedTopicList -> empty .)
    SiteStartTagOpen reduce using rule 25 (RelatedTopicList -> empty .)
    HealthTopicEndTag reduce using rule 25 (RelatedTopicList -> empty .)


state 103

    (45) RelatedTopic -> RelatedTopicStartTagOpen . RelatedTopicAttributes StartTagClose Text RelatedTopicEndTag
    (46) RelatedTopicAttributes -> . UrlKey Uri IdKey Integer

    UrlKey          shift and go to state 125

    RelatedTopicAttributes         shift and go to state 124

state 104

    (43) PrimaryInstitute -> PrimaryInstituteStartTagOpen PrimaryInstituteAttributes . StartTagClose Text PrimaryInstituteEndTag

    StartTagClose   shift and go to state 126


state 105

    (44) PrimaryInstituteAttributes -> UrlKey . Uri

    Uri             shift and go to state 127


state 106

    (41) OtherLanguage -> OtherLanguageStartTagOpen OtherLanguageAttributes StartTagClose . Text OtherLanguageEndTag
    (66) Text -> . Text Line
    (67) Text -> . Text String
    (68) Text -> . Line

    Line            shift and go to state 50

    Text                           shift and go to state 128

state 107

    (42) OtherLanguageAttributes -> VernacularNameKey String . UrlKey Uri

    UrlKey          shift and go to state 129


state 108

    (35) MeshHeading -> MeshHeadingStartTagOpen StartTagClose MeshHeadingContent MeshHeadingEndTag .

    MeshHeadingStartTagOpen reduce using rule 35 (MeshHeading -> MeshHeadingStartTagOpen StartTagClose MeshHeadingContent MeshHeadingEndTag .)
    OtherLanguageStartTagOpen reduce using rule 35 (MeshHeading -> MeshHeadingStartTagOpen StartTagClose MeshHeadingContent MeshHeadingEndTag .)
    PrimaryInstituteStartTagOpen reduce using rule 35 (MeshHeading -> MeshHeadingStartTagOpen StartTagClose MeshHeadingContent MeshHeadingEndTag .)
    RelatedTopicStartTagOpen reduce using rule 35 (MeshHeading -> MeshHeadingStartTagOpen StartTagClose MeshHeadingContent MeshHeadingEndTag .)
    SeeReferenceStartTagOpen reduce using rule 35 (MeshHeading -> MeshHeadingStartTagOpen StartTagClose MeshHeadingContent MeshHeadingEndTag .)
    SiteStartTagOpen reduce using rule 35 (MeshHeading -> MeshHeadingStartTagOpen StartTagClose MeshHeadingContent MeshHeadingEndTag .)
    HealthTopicEndTag reduce using rule 35 (MeshHeading -> MeshHeadingStartTagOpen StartTagClose MeshHeadingContent MeshHeadingEndTag .)


state 109

    (36) MeshHeadingContent -> Descriptor QualifierListOpt .

    MeshHeadingEndTag reduce using rule 36 (MeshHeadingContent -> Descriptor QualifierListOpt .)


state 110

    (37) QualifierListOpt -> QualifierList .

    MeshHeadingEndTag reduce using rule 37 (QualifierListOpt -> QualifierList .)


state 111

    (38) QualifierListOpt -> empty .
    (40) QualifierList -> empty .

  ! reduce/reduce conflict for MeshHeadingEndTag resolved using rule 38 (QualifierListOpt -> empty .)
    MeshHeadingEndTag reduce using rule 38 (QualifierListOpt -> empty .)

  ! MeshHeadingEndTag [ reduce using rule 40 (QualifierList -> empty .) ]


state 112

    (39) QualifierList -> Qualifier . QualifierList
    (39) QualifierList -> . Qualifier QualifierList
    (40) QualifierList -> . empty
    (61) Qualifier -> . QualifierStartTagOpen QualifierAttributes StartTagClose Text QualifierEndTag
    (69) empty -> .

    QualifierStartTagOpen shift and go to state 113
    MeshHeadingEndTag reduce using rule 69 (empty -> .)

    Qualifier                      shift and go to state 112
    QualifierList                  shift and go to state 130
    empty                          shift and go to state 131

state 113

    (61) Qualifier -> QualifierStartTagOpen . QualifierAttributes StartTagClose Text QualifierEndTag
    (62) QualifierAttributes -> . IdKey String

    IdKey           shift and go to state 133

    QualifierAttributes            shift and go to state 132

state 114

    (59) Descriptor -> DescriptorStartTagOpen DescriptorAttributes . StartTagClose Text DescriptorEndTag

    StartTagClose   shift and go to state 134


state 115

    (60) DescriptorAttributes -> IdKey . String

    String          shift and go to state 135


state 116

    (33) LanguageMappedTopic -> LanguageMappedTopicStartTagOpen LanguageMappedTopicAttributes StartTagClose Text LanguageMappedTopicEndTag .

    MeshHeadingStartTagOpen reduce using rule 33 (LanguageMappedTopic -> LanguageMappedTopicStartTagOpen LanguageMappedTopicAttributes StartTagClose Text LanguageMappedTopicEndTag .)
    OtherLanguageStartTagOpen reduce using rule 33 (LanguageMappedTopic -> LanguageMappedTopicStartTagOpen LanguageMappedTopicAttributes StartTagClose Text LanguageMappedTopicEndTag .)
    PrimaryInstituteStartTagOpen reduce using rule 33 (LanguageMappedTopic -> LanguageMappedTopicStartTagOpen LanguageMappedTopicAttributes StartTagClose Text LanguageMappedTopicEndTag .)
    RelatedTopicStartTagOpen reduce using rule 33 (LanguageMappedTopic -> LanguageMappedTopicStartTagOpen LanguageMappedTopicAttributes StartTagClose Text LanguageMappedTopicEndTag .)
    SeeReferenceStartTagOpen reduce using rule 33 (LanguageMappedTopic -> LanguageMappedTopicStartTagOpen LanguageMappedTopicAttributes StartTagClose Text LanguageMappedTopicEndTag .)
    SiteStartTagOpen reduce using rule 33 (LanguageMappedTopic -> LanguageMappedTopicStartTagOpen LanguageMappedTopicAttributes StartTagClose Text LanguageMappedTopicEndTag .)
    HealthTopicEndTag reduce using rule 33 (LanguageMappedTopic -> LanguageMappedTopicStartTagOpen LanguageMappedTopicAttributes StartTagClose Text LanguageMappedTopicEndTag .)


state 117

    (34) LanguageMappedTopicAttributes -> UrlKey Uri IdKey Integer . LanguageKey Language

    LanguageKey     shift and go to state 136


state 118

    (10) HealthTopicAttributes -> MetaDescKey String TitleKey String UrlKey Uri IdKey Integer LanguageKey Language . DateCreatedKey Date

    DateCreatedKey  shift and go to state 137


state 119

    (11) HealthTopicContent -> AlsoCalledList FullSummary GroupList LanguageMappedTopicOpt MeshHeadingList OtherLanguageList PrimaryInstituteOpt RelatedTopicList SeeReferenceList . SiteList
    (28) SiteList -> . Site SiteList
    (29) SiteList -> . empty
    (48) Site -> . SiteStartTagOpen SiteAttributes StartTagClose SiteContent SiteEndTag
    (69) empty -> .

    SiteStartTagOpen shift and go to state 141
    HealthTopicEndTag reduce using rule 69 (empty -> .)

    SiteList                       shift and go to state 138
    Site                           shift and go to state 139
    empty                          shift and go to state 140

state 120

    (26) SeeReferenceList -> SeeReference . SeeReferenceList
    (26) SeeReferenceList -> . SeeReference SeeReferenceList
    (27) SeeReferenceList -> . empty
    (47) SeeReference -> . SeeReferenceStartTagOpen StartTagClose Text SeeReferenceEndTag
    (69) empty -> .

    SeeReferenceStartTagOpen shift and go to state 122
    SiteStartTagOpen reduce using rule 69 (empty -> .)
    HealthTopicEndTag reduce using rule 69 (empty -> .)

    SeeReference                   shift and go to state 120
    SeeReferenceList               shift and go to state 142
    empty                          shift and go to state 121

state 121

    (27) SeeReferenceList -> empty .

    SiteStartTagOpen reduce using rule 27 (SeeReferenceList -> empty .)
    HealthTopicEndTag reduce using rule 27 (SeeReferenceList -> empty .)


state 122

    (47) SeeReference -> SeeReferenceStartTagOpen . StartTagClose Text SeeReferenceEndTag

    StartTagClose   shift and go to state 143


state 123

    (24) RelatedTopicList -> RelatedTopic RelatedTopicList .

    SeeReferenceStartTagOpen reduce using rule 24 (RelatedTopicList -> RelatedTopic RelatedTopicList .)
    SiteStartTagOpen reduce using rule 24 (RelatedTopicList -> RelatedTopic RelatedTopicList .)
    HealthTopicEndTag reduce using rule 24 (RelatedTopicList -> RelatedTopic RelatedTopicList .)


state 124

    (45) RelatedTopic -> RelatedTopicStartTagOpen RelatedTopicAttributes . StartTagClose Text RelatedTopicEndTag

    StartTagClose   shift and go to state 144


state 125

    (46) RelatedTopicAttributes -> UrlKey . Uri IdKey Integer

    Uri             shift and go to state 145


state 126

    (43) PrimaryInstitute -> PrimaryInstituteStartTagOpen PrimaryInstituteAttributes StartTagClose . Text PrimaryInstituteEndTag
    (66) Text -> . Text Line
    (67) Text -> . Text String
    (68) Text -> . Line

    Line            shift and go to state 50

    Text                           shift and go to state 146

state 127

    (44) PrimaryInstituteAttributes -> UrlKey Uri .

    StartTagClose   reduce using rule 44 (PrimaryInstituteAttributes -> UrlKey Uri .)


state 128

    (41) OtherLanguage -> OtherLanguageStartTagOpen OtherLanguageAttributes StartTagClose Text . OtherLanguageEndTag
    (66) Text -> Text . Line
    (67) Text -> Text . String

    OtherLanguageEndTag shift and go to state 147
    Line            shift and go to state 61
    String          shift and go to state 62


state 129

    (42) OtherLanguageAttributes -> VernacularNameKey String UrlKey . Uri

    Uri             shift and go to state 148


state 130

    (39) QualifierList -> Qualifier QualifierList .

    MeshHeadingEndTag reduce using rule 39 (QualifierList -> Qualifier QualifierList .)


state 131

    (40) QualifierList -> empty .

    MeshHeadingEndTag reduce using rule 40 (QualifierList -> empty .)


state 132

    (61) Qualifier -> QualifierStartTagOpen QualifierAttributes . StartTagClose Text QualifierEndTag

    StartTagClose   shift and go to state 149


state 133

    (62) QualifierAttributes -> IdKey . String

    String          shift and go to state 150


state 134

    (59) Descriptor -> DescriptorStartTagOpen DescriptorAttributes StartTagClose . Text DescriptorEndTag
    (66) Text -> . Text Line
    (67) Text -> . Text String
    (68) Text -> . Line

    Line            shift and go to state 50

    Text                           shift and go to state 151

state 135

    (60) DescriptorAttributes -> IdKey String .

    StartTagClose   reduce using rule 60 (DescriptorAttributes -> IdKey String .)


state 136

    (34) LanguageMappedTopicAttributes -> UrlKey Uri IdKey Integer LanguageKey . Language

    Language        shift and go to state 152


state 137

    (10) HealthTopicAttributes -> MetaDescKey String TitleKey String UrlKey Uri IdKey Integer LanguageKey Language DateCreatedKey . Date

    Date            shift and go to state 153


state 138

    (11) HealthTopicContent -> AlsoCalledList FullSummary GroupList LanguageMappedTopicOpt MeshHeadingList OtherLanguageList PrimaryInstituteOpt RelatedTopicList SeeReferenceList SiteList .

    HealthTopicEndTag reduce using rule 11 (HealthTopicContent -> AlsoCalledList FullSummary GroupList LanguageMappedTopicOpt MeshHeadingList OtherLanguageList PrimaryInstituteOpt RelatedTopicList SeeReferenceList SiteList .)


state 139

    (28) SiteList -> Site . SiteList
    (28) SiteList -> . Site SiteList
    (29) SiteList -> . empty
    (48) Site -> . SiteStartTagOpen SiteAttributes StartTagClose SiteContent SiteEndTag
    (69) empty -> .

    SiteStartTagOpen shift and go to state 141
    HealthTopicEndTag reduce using rule 69 (empty -> .)

    Site                           shift and go to state 139
    SiteList                       shift and go to state 154
    empty                          shift and go to state 140

state 140

    (29) SiteList -> empty .

    HealthTopicEndTag reduce using rule 29 (SiteList -> empty .)


state 141

    (48) Site -> SiteStartTagOpen . SiteAttributes StartTagClose SiteContent SiteEndTag
    (56) SiteAttributes -> . TitleKey String UrlKey Uri LanguageMappedUrlKey Uri
    (57) SiteAttributes -> . TitleKey String UrlKey Uri

    TitleKey        shift and go to state 156

    SiteAttributes                 shift and go to state 155

state 142

    (26) SeeReferenceList -> SeeReference SeeReferenceList .

    SiteStartTagOpen reduce using rule 26 (SeeReferenceList -> SeeReference SeeReferenceList .)
    HealthTopicEndTag reduce using rule 26 (SeeReferenceList -> SeeReference SeeReferenceList .)


state 143

    (47) SeeReference -> SeeReferenceStartTagOpen StartTagClose . Text SeeReferenceEndTag
    (66) Text -> . Text Line
    (67) Text -> . Text String
    (68) Text -> . Line

    Line            shift and go to state 50

    Text                           shift and go to state 157

state 144

    (45) RelatedTopic -> RelatedTopicStartTagOpen RelatedTopicAttributes StartTagClose . Text RelatedTopicEndTag
    (66) Text -> . Text Line
    (67) Text -> . Text String
    (68) Text -> . Line

    Line            shift and go to state 50

    Text                           shift and go to state 158

state 145

    (46) RelatedTopicAttributes -> UrlKey Uri . IdKey Integer

    IdKey           shift and go to state 159


state 146

    (43) PrimaryInstitute -> PrimaryInstituteStartTagOpen PrimaryInstituteAttributes StartTagClose Text . PrimaryInstituteEndTag
    (66) Text -> Text . Line
    (67) Text -> Text . String

    PrimaryInstituteEndTag shift and go to state 160
    Line            shift and go to state 61
    String          shift and go to state 62


state 147

    (41) OtherLanguage -> OtherLanguageStartTagOpen OtherLanguageAttributes StartTagClose Text OtherLanguageEndTag .

    OtherLanguageStartTagOpen reduce using rule 41 (OtherLanguage -> OtherLanguageStartTagOpen OtherLanguageAttributes StartTagClose Text OtherLanguageEndTag .)
    PrimaryInstituteStartTagOpen reduce using rule 41 (OtherLanguage -> OtherLanguageStartTagOpen OtherLanguageAttributes StartTagClose Text OtherLanguageEndTag .)
    RelatedTopicStartTagOpen reduce using rule 41 (OtherLanguage -> OtherLanguageStartTagOpen OtherLanguageAttributes StartTagClose Text OtherLanguageEndTag .)
    SeeReferenceStartTagOpen reduce using rule 41 (OtherLanguage -> OtherLanguageStartTagOpen OtherLanguageAttributes StartTagClose Text OtherLanguageEndTag .)
    SiteStartTagOpen reduce using rule 41 (OtherLanguage -> OtherLanguageStartTagOpen OtherLanguageAttributes StartTagClose Text OtherLanguageEndTag .)
    HealthTopicEndTag reduce using rule 41 (OtherLanguage -> OtherLanguageStartTagOpen OtherLanguageAttributes StartTagClose Text OtherLanguageEndTag .)


state 148

    (42) OtherLanguageAttributes -> VernacularNameKey String UrlKey Uri .

    StartTagClose   reduce using rule 42 (OtherLanguageAttributes -> VernacularNameKey String UrlKey Uri .)


state 149

    (61) Qualifier -> QualifierStartTagOpen QualifierAttributes StartTagClose . Text QualifierEndTag
    (66) Text -> . Text Line
    (67) Text -> . Text String
    (68) Text -> . Line

    Line            shift and go to state 50

    Text                           shift and go to state 161

state 150

    (62) QualifierAttributes -> IdKey String .

    StartTagClose   reduce using rule 62 (QualifierAttributes -> IdKey String .)


state 151

    (59) Descriptor -> DescriptorStartTagOpen DescriptorAttributes StartTagClose Text . DescriptorEndTag
    (66) Text -> Text . Line
    (67) Text -> Text . String

    DescriptorEndTag shift and go to state 162
    Line            shift and go to state 61
    String          shift and go to state 62


state 152

    (34) LanguageMappedTopicAttributes -> UrlKey Uri IdKey Integer LanguageKey Language .

    StartTagClose   reduce using rule 34 (LanguageMappedTopicAttributes -> UrlKey Uri IdKey Integer LanguageKey Language .)


state 153

    (10) HealthTopicAttributes -> MetaDescKey String TitleKey String UrlKey Uri IdKey Integer LanguageKey Language DateCreatedKey Date .

    StartTagClose   reduce using rule 10 (HealthTopicAttributes -> MetaDescKey String TitleKey String UrlKey Uri IdKey Integer LanguageKey Language DateCreatedKey Date .)


state 154

    (28) SiteList -> Site SiteList .

    HealthTopicEndTag reduce using rule 28 (SiteList -> Site SiteList .)


state 155

    (48) Site -> SiteStartTagOpen SiteAttributes . StartTagClose SiteContent SiteEndTag

    StartTagClose   shift and go to state 163


state 156

    (56) SiteAttributes -> TitleKey . String UrlKey Uri LanguageMappedUrlKey Uri
    (57) SiteAttributes -> TitleKey . String UrlKey Uri

    String          shift and go to state 164


state 157

    (47) SeeReference -> SeeReferenceStartTagOpen StartTagClose Text . SeeReferenceEndTag
    (66) Text -> Text . Line
    (67) Text -> Text . String

    SeeReferenceEndTag shift and go to state 165
    Line            shift and go to state 61
    String          shift and go to state 62


state 158

    (45) RelatedTopic -> RelatedTopicStartTagOpen RelatedTopicAttributes StartTagClose Text . RelatedTopicEndTag
    (66) Text -> Text . Line
    (67) Text -> Text . String

    RelatedTopicEndTag shift and go to state 166
    Line            shift and go to state 61
    String          shift and go to state 62


state 159

    (46) RelatedTopicAttributes -> UrlKey Uri IdKey . Integer

    Integer         shift and go to state 167


state 160

    (43) PrimaryInstitute -> PrimaryInstituteStartTagOpen PrimaryInstituteAttributes StartTagClose Text PrimaryInstituteEndTag .

    RelatedTopicStartTagOpen reduce using rule 43 (PrimaryInstitute -> PrimaryInstituteStartTagOpen PrimaryInstituteAttributes StartTagClose Text PrimaryInstituteEndTag .)
    SeeReferenceStartTagOpen reduce using rule 43 (PrimaryInstitute -> PrimaryInstituteStartTagOpen PrimaryInstituteAttributes StartTagClose Text PrimaryInstituteEndTag .)
    SiteStartTagOpen reduce using rule 43 (PrimaryInstitute -> PrimaryInstituteStartTagOpen PrimaryInstituteAttributes StartTagClose Text PrimaryInstituteEndTag .)
    HealthTopicEndTag reduce using rule 43 (PrimaryInstitute -> PrimaryInstituteStartTagOpen PrimaryInstituteAttributes StartTagClose Text PrimaryInstituteEndTag .)


state 161

    (61) Qualifier -> QualifierStartTagOpen QualifierAttributes StartTagClose Text . QualifierEndTag
    (66) Text -> Text . Line
    (67) Text -> Text . String

    QualifierEndTag shift and go to state 168
    Line            shift and go to state 61
    String          shift and go to state 62


state 162

    (59) Descriptor -> DescriptorStartTagOpen DescriptorAttributes StartTagClose Text DescriptorEndTag .

    QualifierStartTagOpen reduce using rule 59 (Descriptor -> DescriptorStartTagOpen DescriptorAttributes StartTagClose Text DescriptorEndTag .)
    MeshHeadingEndTag reduce using rule 59 (Descriptor -> DescriptorStartTagOpen DescriptorAttributes StartTagClose Text DescriptorEndTag .)


state 163

    (48) Site -> SiteStartTagOpen SiteAttributes StartTagClose . SiteContent SiteEndTag
    (49) SiteContent -> . InformationCategoryList OrganizationList StandardDescriptionList
    (50) InformationCategoryList -> . InformationCategory InformationCategoryList
    (51) InformationCategoryList -> . InformationCategory
    (63) InformationCategory -> . InformationCategoryStartTagOpen StartTagClose Text InformationCategoryEndTag

    InformationCategoryStartTagOpen shift and go to state 172

    SiteContent                    shift and go to state 169
    InformationCategoryList        shift and go to state 170
    InformationCategory            shift and go to state 171

state 164

    (56) SiteAttributes -> TitleKey String . UrlKey Uri LanguageMappedUrlKey Uri
    (57) SiteAttributes -> TitleKey String . UrlKey Uri

    UrlKey          shift and go to state 173


state 165

    (47) SeeReference -> SeeReferenceStartTagOpen StartTagClose Text SeeReferenceEndTag .

    SeeReferenceStartTagOpen reduce using rule 47 (SeeReference -> SeeReferenceStartTagOpen StartTagClose Text SeeReferenceEndTag .)
    SiteStartTagOpen reduce using rule 47 (SeeReference -> SeeReferenceStartTagOpen StartTagClose Text SeeReferenceEndTag .)
    HealthTopicEndTag reduce using rule 47 (SeeReference -> SeeReferenceStartTagOpen StartTagClose Text SeeReferenceEndTag .)


state 166

    (45) RelatedTopic -> RelatedTopicStartTagOpen RelatedTopicAttributes StartTagClose Text RelatedTopicEndTag .

    RelatedTopicStartTagOpen reduce using rule 45 (RelatedTopic -> RelatedTopicStartTagOpen RelatedTopicAttributes StartTagClose Text RelatedTopicEndTag .)
    SeeReferenceStartTagOpen reduce using rule 45 (RelatedTopic -> RelatedTopicStartTagOpen RelatedTopicAttributes StartTagClose Text RelatedTopicEndTag .)
    SiteStartTagOpen reduce using rule 45 (RelatedTopic -> RelatedTopicStartTagOpen RelatedTopicAttributes StartTagClose Text RelatedTopicEndTag .)
    HealthTopicEndTag reduce using rule 45 (RelatedTopic -> RelatedTopicStartTagOpen RelatedTopicAttributes StartTagClose Text RelatedTopicEndTag .)


state 167

    (46) RelatedTopicAttributes -> UrlKey Uri IdKey Integer .

    StartTagClose   reduce using rule 46 (RelatedTopicAttributes -> UrlKey Uri IdKey Integer .)


state 168

    (61) Qualifier -> QualifierStartTagOpen QualifierAttributes StartTagClose Text QualifierEndTag .

    QualifierStartTagOpen reduce using rule 61 (Qualifier -> QualifierStartTagOpen QualifierAttributes StartTagClose Text QualifierEndTag .)
    MeshHeadingEndTag reduce using rule 61 (Qualifier -> QualifierStartTagOpen QualifierAttributes StartTagClose Text QualifierEndTag .)


state 169

    (48) Site -> SiteStartTagOpen SiteAttributes StartTagClose SiteContent . SiteEndTag

    SiteEndTag      shift and go to state 174


state 170

    (49) SiteContent -> InformationCategoryList . OrganizationList StandardDescriptionList
    (52) OrganizationList -> . Organization OrganizationList
    (53) OrganizationList -> . empty
    (64) Organization -> . OrganizationStartTagOpen StartTagClose Text OrganizationEndTag
    (69) empty -> .

    OrganizationStartTagOpen shift and go to state 178
    StandardDescriptionStartTagOpen reduce using rule 69 (empty -> .)
    SiteEndTag      reduce using rule 69 (empty -> .)

    OrganizationList               shift and go to state 175
    Organization                   shift and go to state 176
    empty                          shift and go to state 177

state 171

    (50) InformationCategoryList -> InformationCategory . InformationCategoryList
    (51) InformationCategoryList -> InformationCategory .
    (50) InformationCategoryList -> . InformationCategory InformationCategoryList
    (51) InformationCategoryList -> . InformationCategory
    (63) InformationCategory -> . InformationCategoryStartTagOpen StartTagClose Text InformationCategoryEndTag

    OrganizationStartTagOpen reduce using rule 51 (InformationCategoryList -> InformationCategory .)
    StandardDescriptionStartTagOpen reduce using rule 51 (InformationCategoryList -> InformationCategory .)
    SiteEndTag      reduce using rule 51 (InformationCategoryList -> InformationCategory .)
    InformationCategoryStartTagOpen shift and go to state 172

    InformationCategory            shift and go to state 171
    InformationCategoryList        shift and go to state 179

state 172

    (63) InformationCategory -> InformationCategoryStartTagOpen . StartTagClose Text InformationCategoryEndTag

    StartTagClose   shift and go to state 180


state 173

    (56) SiteAttributes -> TitleKey String UrlKey . Uri LanguageMappedUrlKey Uri
    (57) SiteAttributes -> TitleKey String UrlKey . Uri

    Uri             shift and go to state 181


state 174

    (48) Site -> SiteStartTagOpen SiteAttributes StartTagClose SiteContent SiteEndTag .

    SiteStartTagOpen reduce using rule 48 (Site -> SiteStartTagOpen SiteAttributes StartTagClose SiteContent SiteEndTag .)
    HealthTopicEndTag reduce using rule 48 (Site -> SiteStartTagOpen SiteAttributes StartTagClose SiteContent SiteEndTag .)


state 175

    (49) SiteContent -> InformationCategoryList OrganizationList . StandardDescriptionList
    (54) StandardDescriptionList -> . StandardDescription StandardDescriptionList
    (55) StandardDescriptionList -> . empty
    (65) StandardDescription -> . StandardDescriptionStartTagOpen StartTagClose Text StandardDescriptionEndTag
    (69) empty -> .

    StandardDescriptionStartTagOpen shift and go to state 185
    SiteEndTag      reduce using rule 69 (empty -> .)

    StandardDescriptionList        shift and go to state 182
    StandardDescription            shift and go to state 183
    empty                          shift and go to state 184

state 176

    (52) OrganizationList -> Organization . OrganizationList
    (52) OrganizationList -> . Organization OrganizationList
    (53) OrganizationList -> . empty
    (64) Organization -> . OrganizationStartTagOpen StartTagClose Text OrganizationEndTag
    (69) empty -> .

    OrganizationStartTagOpen shift and go to state 178
    StandardDescriptionStartTagOpen reduce using rule 69 (empty -> .)
    SiteEndTag      reduce using rule 69 (empty -> .)

    Organization                   shift and go to state 176
    OrganizationList               shift and go to state 186
    empty                          shift and go to state 177

state 177

    (53) OrganizationList -> empty .

    StandardDescriptionStartTagOpen reduce using rule 53 (OrganizationList -> empty .)
    SiteEndTag      reduce using rule 53 (OrganizationList -> empty .)


state 178

    (64) Organization -> OrganizationStartTagOpen . StartTagClose Text OrganizationEndTag

    StartTagClose   shift and go to state 187


state 179

    (50) InformationCategoryList -> InformationCategory InformationCategoryList .

    OrganizationStartTagOpen reduce using rule 50 (InformationCategoryList -> InformationCategory InformationCategoryList .)
    StandardDescriptionStartTagOpen reduce using rule 50 (InformationCategoryList -> InformationCategory InformationCategoryList .)
    SiteEndTag      reduce using rule 50 (InformationCategoryList -> InformationCategory InformationCategoryList .)


state 180

    (63) InformationCategory -> InformationCategoryStartTagOpen StartTagClose . Text InformationCategoryEndTag
    (66) Text -> . Text Line
    (67) Text -> . Text String
    (68) Text -> . Line

    Line            shift and go to state 50

    Text                           shift and go to state 188

state 181

    (56) SiteAttributes -> TitleKey String UrlKey Uri . LanguageMappedUrlKey Uri
    (57) SiteAttributes -> TitleKey String UrlKey Uri .

    LanguageMappedUrlKey shift and go to state 189
    StartTagClose   reduce using rule 57 (SiteAttributes -> TitleKey String UrlKey Uri .)


state 182

    (49) SiteContent -> InformationCategoryList OrganizationList StandardDescriptionList .

    SiteEndTag      reduce using rule 49 (SiteContent -> InformationCategoryList OrganizationList StandardDescriptionList .)


state 183

    (54) StandardDescriptionList -> StandardDescription . StandardDescriptionList
    (54) StandardDescriptionList -> . StandardDescription StandardDescriptionList
    (55) StandardDescriptionList -> . empty
    (65) StandardDescription -> . StandardDescriptionStartTagOpen StartTagClose Text StandardDescriptionEndTag
    (69) empty -> .

    StandardDescriptionStartTagOpen shift and go to state 185
    SiteEndTag      reduce using rule 69 (empty -> .)

    StandardDescription            shift and go to state 183
    StandardDescriptionList        shift and go to state 190
    empty                          shift and go to state 184

state 184

    (55) StandardDescriptionList -> empty .

    SiteEndTag      reduce using rule 55 (StandardDescriptionList -> empty .)


state 185

    (65) StandardDescription -> StandardDescriptionStartTagOpen . StartTagClose Text StandardDescriptionEndTag

    StartTagClose   shift and go to state 191


state 186

    (52) OrganizationList -> Organization OrganizationList .

    StandardDescriptionStartTagOpen reduce using rule 52 (OrganizationList -> Organization OrganizationList .)
    SiteEndTag      reduce using rule 52 (OrganizationList -> Organization OrganizationList .)


state 187

    (64) Organization -> OrganizationStartTagOpen StartTagClose . Text OrganizationEndTag
    (66) Text -> . Text Line
    (67) Text -> . Text String
    (68) Text -> . Line

    Line            shift and go to state 50

    Text                           shift and go to state 192

state 188

    (63) InformationCategory -> InformationCategoryStartTagOpen StartTagClose Text . InformationCategoryEndTag
    (66) Text -> Text . Line
    (67) Text -> Text . String

    InformationCategoryEndTag shift and go to state 193
    Line            shift and go to state 61
    String          shift and go to state 62


state 189

    (56) SiteAttributes -> TitleKey String UrlKey Uri LanguageMappedUrlKey . Uri

    Uri             shift and go to state 194


state 190

    (54) StandardDescriptionList -> StandardDescription StandardDescriptionList .

    SiteEndTag      reduce using rule 54 (StandardDescriptionList -> StandardDescription StandardDescriptionList .)


state 191

    (65) StandardDescription -> StandardDescriptionStartTagOpen StartTagClose . Text StandardDescriptionEndTag
    (66) Text -> . Text Line
    (67) Text -> . Text String
    (68) Text -> . Line

    Line            shift and go to state 50

    Text                           shift and go to state 195

state 192

    (64) Organization -> OrganizationStartTagOpen StartTagClose Text . OrganizationEndTag
    (66) Text -> Text . Line
    (67) Text -> Text . String

    OrganizationEndTag shift and go to state 196
    Line            shift and go to state 61
    String          shift and go to state 62


state 193

    (63) InformationCategory -> InformationCategoryStartTagOpen StartTagClose Text InformationCategoryEndTag .

    InformationCategoryStartTagOpen reduce using rule 63 (InformationCategory -> InformationCategoryStartTagOpen StartTagClose Text InformationCategoryEndTag .)
    OrganizationStartTagOpen reduce using rule 63 (InformationCategory -> InformationCategoryStartTagOpen StartTagClose Text InformationCategoryEndTag .)
    StandardDescriptionStartTagOpen reduce using rule 63 (InformationCategory -> InformationCategoryStartTagOpen StartTagClose Text InformationCategoryEndTag .)
    SiteEndTag      reduce using rule 63 (InformationCategory -> InformationCategoryStartTagOpen StartTagClose Text InformationCategoryEndTag .)


state 194

    (56) SiteAttributes -> TitleKey String UrlKey Uri LanguageMappedUrlKey Uri .

    StartTagClose   reduce using rule 56 (SiteAttributes -> TitleKey String UrlKey Uri LanguageMappedUrlKey Uri .)


state 195

    (65) StandardDescription -> StandardDescriptionStartTagOpen StartTagClose Text . StandardDescriptionEndTag
    (66) Text -> Text . Line
    (67) Text -> Text . String

    StandardDescriptionEndTag shift and go to state 197
    Line            shift and go to state 61
    String          shift and go to state 62


state 196

    (64) Organization -> OrganizationStartTagOpen StartTagClose Text OrganizationEndTag .

    OrganizationStartTagOpen reduce using rule 64 (Organization -> OrganizationStartTagOpen StartTagClose Text OrganizationEndTag .)
    StandardDescriptionStartTagOpen reduce using rule 64 (Organization -> OrganizationStartTagOpen StartTagClose Text OrganizationEndTag .)
    SiteEndTag      reduce using rule 64 (Organization -> OrganizationStartTagOpen StartTagClose Text OrganizationEndTag .)


state 197

    (65) StandardDescription -> StandardDescriptionStartTagOpen StartTagClose Text StandardDescriptionEndTag .

    StandardDescriptionStartTagOpen reduce using rule 65 (StandardDescription -> StandardDescriptionStartTagOpen StartTagClose Text StandardDescriptionEndTag .)
    SiteEndTag      reduce using rule 65 (StandardDescription -> StandardDescriptionStartTagOpen StartTagClose Text StandardDescriptionEndTag .)

WARNING: 
WARNING: Conflicts:
WARNING: 
WARNING: reduce/reduce conflict in state 111 resolved using rule (QualifierListOpt -> empty)
WARNING: rejected rule (QualifierList -> empty) in state 111
